<?xml version="1.0" encoding="UTF-8"?>
<testsuite name="Reload Movistar" tests="1" skipped="0" failures="0" errors="0" timestamp="2023-06-16T00:31:36" hostname="DESKTOP-265DL5O" time="111.712">
  <properties/>
  <testcase name="I in movistar App" classname="Reload Movistar" time="111.712"/>
  <system-out><![CDATA[]]></system-out>
  <system-err><![CDATA[jun. 15, 2023 7:32:05 P. M. io.appium.java_client.remote.AppiumCommandExecutor$1 lambda$0
INFORMACIÓN: Detected dialect: OSS
[Test worker] INFO net.thucydides.core.steps.ConsoleLoggingListener - 
        __    _____ _____ ____ _____   ____   _    ____  ____  _____ ____  
  _     \ \  |_   _| ____/ ___|_   _| |  _ \ / \  / ___|/ ___|| ____|  _ \ 
 (_)_____| |   | | |  _| \___ \ | |   | |_) / _ \ \___ \\___ \|  _| | | | |
  _|_____| |   | | | |___ ___) || |   |  __/ ___ \ ___) |___) | |___| |_| |
 (_)     | |   |_| |_____|____/ |_|   |_| /_/   \_\____/|____/|_____|____/ 
        /_/                                                                

TEST PASSED: I in movistar App
----------------------------------------------------------------------------
]]></system-err>
</testsuite>
